[06/05/2024] [14:22:00] : [::1]:50073  ==>  endhayyygg@gmail.com
[06/05/2024] [14:23:59] : [::1]:50073  <==  endhayyygg@gmail.com
[06/05/2024] [14:24:07] : [::1]:50073  ==>  youssef.ammari@ynov.com
[06/05/2024] [18:13:33] : [::1]:52110  ==>  forumprojetynov@gmail.com
[06/05/2024] [18:14:59] : [::1]:52157  ==>  endhayyygg@gmail.com
[06/05/2024] [18:15:09] : [::1]:52157  ==>  endhayyygg@gmail.com
[06/05/2024] [18:18:10] : [::1]:52336  ==>  endhayyygg@gmail.com
[06/05/2024] [18:18:40] : [::1]:52336  <==  endhayyygg@gmail.com
[06/05/2024] [18:18:44] : [::1]:52336  ==>  youssef.ammari@ynov.com
[06/05/2024] [18:19:31] : [::1]:52385  <==  youssef.ammari@ynov.com
[06/05/2024] [18:19:37] : [::1]:52385  ==>  forumprojetynov@gmail.com
[06/05/2024] [18:19:47] : [::1]:52385  <==  forumprojetynov@gmail.com
[06/05/2024] [18:19:50] : [::1]:52385  ==>  youssef.ammari@ynov.com
[06/05/2024] [18:22:57] : [::1]:52472  <==  youssef.ammari@ynov.com
[06/05/2024] [18:23:59] : [::1]:52472  ==>  youssef.ammari@ynov.com
[06/05/2024] [18:23:59] : [::1]:52472  ==>  youssef.ammari@ynov.com
[06/05/2024] [18:24:05] : [::1]:52472  <==  youssef.ammari@ynov.com
[06/05/2024] [19:29:45] : [::1]:52625  <==  
[06/05/2024] [19:30:14] : [::1]:52625  ==>  youssef.ammari@ynov.com
[06/05/2024] [19:30:14] : [::1]:52625  ==>  youssef.ammari@ynov.com
[06/05/2024] [19:30:23] : [::1]:52625  <==  youssef.ammari@ynov.com
[06/05/2024] [19:30:28] : [::1]:52625  ==>  youssef.ammari@ynov.com
[06/05/2024] [19:30:28] : [::1]:52625  ==>  youssef.ammari@ynov.com
[06/05/2024] [19:31:03] : [::1]:52625  <==  youssef.ammari@ynov.com
[06/05/2024] [19:31:10] : [::1]:52625  ==>  endhayyygg@gmail.com
[06/05/2024] [19:31:10] : [::1]:52625  ==>  endhayyygg@gmail.com
[06/05/2024] [19:31:58] : [::1]:52625  <==  endhayyygg@gmail.com
[06/05/2024] [19:36:26] : [::1]:52625  ==>  youssef.ammari@ynov.com
[06/05/2024] [19:36:26] : [::1]:52625  ==>  youssef.ammari@ynov.com
[06/05/2024] [19:37:40] : [::1]:52829  <==  youssef.ammari@ynov.com
[06/05/2024] [19:37:47] : [::1]:52829  ==>  youssef.ammari@ynov.com
[06/05/2024] [19:38:04] : [::1]:52829  <==  youssef.ammari@ynov.com
[06/05/2024] [20:11:34] : [::1]:53570  ==>  endhayyygg@gmail.com
[07/05/2024] [00:07:30] : [::1]:59252  <==  endhayyygg@gmail.com
[08/05/2024] [18:58:21] : [::1]:64311  ==>  forumprojetynov@gmail.com
[08/05/2024] [19:00:23] : [::1]:64393  <==  forumprojetynov@gmail.com
[08/05/2024] [19:00:30] : [::1]:64393  ==>  youssef.ammari@ynov.com
[08/05/2024] [19:00:40] : [::1]:64393  <==  youssef.ammari@ynov.com
[16/05/2024] [10:49:34] : [::1]:51650  ==>  
[20/05/2024] [13:54:49] : [::1]:55174  ==>  forumprojetynov@gmail.com
[29/05/2024] [14:22:00] : [::1]:61850  ==>  forumprojetynov@gmail.com
[29/05/2024] [20:23:39] : [::1]:51719  <==  forumprojetynov@gmail.com
[29/05/2024] [20:24:10] : [::1]:51719  ==>  ootdb1@gmail.com
[29/05/2024] [20:24:34] : [::1]:51712  <==  ootdb1@gmail.com
[29/05/2024] [20:31:07] : [::1]:51919  ==>  forumprojetynov@gmail.com
[29/05/2024] [20:47:06] : [::1]:52326  <==  forumprojetynov@gmail.com
[29/05/2024] [22:38:03] : [::1]:56404  ==>  ootdb1@gmail.com
[29/05/2024] [22:40:20] : [::1]:56645  <==  ootdb1@gmail.com
[30/05/2024] [11:01:48] : [::1]:61857  ==>  ootdb1@gmail.com
[30/05/2024] [20:37:43] : [::1]:63523  ==>  ootdb1@gmail.com
[01/06/2024] [00:33:48] : [::1]:62849  ==>  ootdb1@gmail.com
[01/06/2024] [01:42:52] : [::1]:64667  ==>  ootdb1@gmail.com
