[06/05/2024] [14:19:46] : [::1]:49957  ==>  /accueil
[06/05/2024] [14:20:29] : [::1]:49957  ==>  /google-callback
[06/05/2024] [14:20:29] : [::1]:49957  ==>  /favicon.ico
[06/05/2024] [14:21:48] : [::1]:50073  ==>  /accueil
[06/05/2024] [14:21:59] : [::1]:50073  ==>  /google-callback
[06/05/2024] [14:22:00] : [::1]:50073  ==>  /accueil
[06/05/2024] [14:23:55] : [::1]:50073  ==>  /accueil
[06/05/2024] [14:23:59] : [::1]:50073  ==>  /deconnexion
[06/05/2024] [14:23:59] : [::1]:50073  ==>  /accueil
[06/05/2024] [14:24:06] : [::1]:50073  ==>  /github-callback
[06/05/2024] [14:24:07] : [::1]:50073  ==>  /accueil
[06/05/2024] [18:13:11] : [::1]:52110  ==>  /accueil
[06/05/2024] [18:13:33] : [::1]:52110  ==>  /google-callback
[06/05/2024] [18:13:33] : [::1]:52110  ==>  /accueil
[06/05/2024] [18:14:30] : [::1]:52157  ==>  /accueil
[06/05/2024] [18:14:59] : [::1]:52157  ==>  /google-callback
[06/05/2024] [18:14:59] : [::1]:52157  ==>  /accueil
[06/05/2024] [18:15:08] : [::1]:52157  ==>  /google-callback
[06/05/2024] [18:15:09] : [::1]:52157  ==>  /accueil
[06/05/2024] [18:15:34] : [::1]:52213  ==>  /accueil
[06/05/2024] [18:16:04] : [::1]:52239  ==>  /accueil
[06/05/2024] [18:16:07] : [::1]:52239  ==>  /accueil
[06/05/2024] [18:16:16] : [::1]:52239  ==>  /github-callback
[06/05/2024] [18:16:16] : [::1]:52239  ==>  /accueil
[06/05/2024] [18:17:57] : [::1]:52336  ==>  /accueil
[06/05/2024] [18:18:10] : [::1]:52336  ==>  /google-callback
[06/05/2024] [18:18:10] : [::1]:52336  ==>  /accueil
[06/05/2024] [18:18:40] : [::1]:52336  ==>  /deconnexion
[06/05/2024] [18:18:40] : [::1]:52336  ==>  /accueil
[06/05/2024] [18:18:43] : [::1]:52336  ==>  /github-callback
[06/05/2024] [18:18:44] : [::1]:52336  ==>  /accueil
[06/05/2024] [18:19:13] : [::1]:52385  ==>  /accueil
[06/05/2024] [18:19:25] : [::1]:52385  ==>  /accueil
[06/05/2024] [18:19:29] : [::1]:52385  ==>  /accueil
[06/05/2024] [18:19:31] : [::1]:52385  ==>  /deconnexion
[06/05/2024] [18:19:31] : [::1]:52385  ==>  /accueil
[06/05/2024] [18:19:37] : [::1]:52385  ==>  /google-callback
[06/05/2024] [18:19:37] : [::1]:52385  ==>  /accueil
[06/05/2024] [18:19:42] : [::1]:52385  ==>  /accueil
[06/05/2024] [18:19:47] : [::1]:52385  ==>  /deconnexion
[06/05/2024] [18:19:47] : [::1]:52385  ==>  /accueil
[06/05/2024] [18:19:50] : [::1]:52385  ==>  /github-callback
[06/05/2024] [18:19:50] : [::1]:52385  ==>  /accueil
[06/05/2024] [18:22:55] : [::1]:52472  ==>  /accueil
[06/05/2024] [18:22:57] : [::1]:52472  ==>  /deconnexion
[06/05/2024] [18:22:57] : [::1]:52472  ==>  /accueil
[06/05/2024] [18:23:59] : [::1]:52472  ==>  /github-callback
[06/05/2024] [18:23:59] : [::1]:52472  ==>  /accueil
[06/05/2024] [18:24:05] : [::1]:52472  ==>  /deconnexion
[06/05/2024] [18:24:05] : [::1]:52472  ==>  /accueil
[06/05/2024] [19:29:36] : [::1]:52625  ==>  /accueil
[06/05/2024] [19:29:45] : [::1]:52625  ==>  /deconnexion
[06/05/2024] [19:29:45] : [::1]:52625  ==>  /accueil
[06/05/2024] [19:30:14] : [::1]:52625  ==>  /github-callback
[06/05/2024] [19:30:14] : [::1]:52625  ==>  /accueil
[06/05/2024] [19:30:23] : [::1]:52625  ==>  /deconnexion
[06/05/2024] [19:30:23] : [::1]:52625  ==>  /accueil
[06/05/2024] [19:30:27] : [::1]:52625  ==>  /github-callback
[06/05/2024] [19:30:28] : [::1]:52625  ==>  /accueil
[06/05/2024] [19:31:03] : [::1]:52625  ==>  /deconnexion
[06/05/2024] [19:31:03] : [::1]:52625  ==>  /accueil
[06/05/2024] [19:31:10] : [::1]:52625  ==>  /google-callback
[06/05/2024] [19:31:10] : [::1]:52625  ==>  /accueil
[06/05/2024] [19:31:55] : [::1]:52625  ==>  /connexion
[06/05/2024] [19:31:55] : [::1]:52625  ==>  /accueil
[06/05/2024] [19:31:58] : [::1]:52625  ==>  /deconnexion
[06/05/2024] [19:31:58] : [::1]:52625  ==>  /accueil
[06/05/2024] [19:32:00] : [::1]:52625  ==>  /connexion
[06/05/2024] [19:32:49] : [::1]:52661  ==>  /inscription
[06/05/2024] [19:32:52] : [::1]:52661  ==>  /connexion
[06/05/2024] [19:33:10] : [::1]:52661  ==>  /connexion
[06/05/2024] [19:33:13] : [::1]:52661  ==>  /connexion
[06/05/2024] [19:33:16] : [::1]:52661  ==>  /connexion
[06/05/2024] [19:33:21] : [::1]:52661  ==>  /connexion
[06/05/2024] [19:33:23] : [::1]:52661  ==>  /inscription
[06/05/2024] [19:33:26] : [::1]:52661  ==>  /inscription
[06/05/2024] [19:33:28] : [::1]:52661  ==>  /inscription
[06/05/2024] [19:33:30] : [::1]:52661  ==>  /inscription
[06/05/2024] [19:33:38] : [::1]:52661  ==>  /inscription
[06/05/2024] [19:34:02] : [::1]:52661  ==>  /inscription
[06/05/2024] [19:34:16] : [::1]:52661  ==>  /inscription
[06/05/2024] [19:34:18] : [::1]:52625  ==>  /inscription
[06/05/2024] [19:36:26] : [::1]:52625  ==>  /github-callback
[06/05/2024] [19:36:26] : [::1]:52625  ==>  /accueil
[06/05/2024] [19:37:39] : [::1]:52829  ==>  /accueil
[06/05/2024] [19:37:40] : [::1]:52829  ==>  /deconnexion
[06/05/2024] [19:37:40] : [::1]:52829  ==>  /accueil
[06/05/2024] [19:37:46] : [::1]:52829  ==>  /github-callback
[06/05/2024] [19:37:47] : [::1]:52829  ==>  /accueil
[06/05/2024] [19:38:01] : [::1]:52829  ==>  /connexion
[06/05/2024] [19:38:01] : [::1]:52829  ==>  /accueil
[06/05/2024] [19:38:04] : [::1]:52829  ==>  /deconnexion
[06/05/2024] [19:38:04] : [::1]:52829  ==>  /accueil
[06/05/2024] [19:38:05] : [::1]:52829  ==>  /connexion
[06/05/2024] [19:39:29] : [::1]:52829  ==>  /accueil
[06/05/2024] [19:45:16] : [::1]:53001  ==>  /accueil
[06/05/2024] [19:45:45] : [::1]:53001  ==>  /inscription
[06/05/2024] [19:46:38] : [::1]:53001  ==>  /inscription
[06/05/2024] [19:48:35] : [::1]:53001  ==>  /accueil
[06/05/2024] [19:48:38] : [::1]:53001  ==>  /accueil
[06/05/2024] [19:48:46] : [::1]:53086  ==>  /accueil
[06/05/2024] [19:51:38] : [::1]:53086  ==>  /accueil
[06/05/2024] [19:51:42] : [::1]:53153  ==>  /creer-un-post
[06/05/2024] [19:51:42] : [::1]:53152  ==>  /styles/error.css
[06/05/2024] [19:51:44] : [::1]:53153  ==>  /accueil
[06/05/2024] [19:51:44] : [::1]:53153  ==>  /notification
[06/05/2024] [19:51:44] : [::1]:53153  ==>  /styles/error.css
[06/05/2024] [19:51:45] : [::1]:53153  ==>  /accueil
[06/05/2024] [19:51:55] : [::1]:53153  ==>  /accueil
